13:37:24.276  INFO  manager.ApplicationManager - All tests starts in 'Chrome' browser
13:37:26.934  INFO  tests.TestsBase - Name of test --->registrationSuccess
13:37:26.940  INFO  manager.MyListener - Start find element ---> By.xpath: //*[text()=' Logout ']
13:37:31.986  INFO  manager.MyListener - The element with locator --->By.xpath: //*[text()=' Logout ']---> was found
13:37:31.990  INFO  manager.MyListener - Start find element ---> By.xpath: //a[text()=' Sign up ']
13:37:32.013  INFO  manager.MyListener - The element with locator --->By.xpath: //a[text()=' Sign up ']---> was found
13:37:32.512  INFO  manager.MyListener - Start find element ---> By.tagName: form
13:37:32.684  INFO  manager.MyListener - The element with locator --->By.tagName: form---> was found
13:37:32.763  INFO  manager.MyListener - Start find element ---> By.id: name
13:37:32.790  INFO  manager.MyListener - The element with locator --->By.id: name---> was found
13:37:33.364  INFO  manager.MyListener - Start find element ---> By.cssSelector: #lastName
13:37:33.374  INFO  manager.MyListener - The element with locator --->By.cssSelector: #lastName---> was found
13:37:33.479  INFO  manager.MyListener - Start find element ---> By.id: email
13:37:33.490  INFO  manager.MyListener - The element with locator --->By.id: email---> was found
13:37:33.590  INFO  manager.MyListener - Start find element ---> By.cssSelector: #password
13:37:33.601  INFO  manager.MyListener - The element with locator --->By.cssSelector: #password---> was found
13:37:33.900  INFO  manager.MyListener - Start find element ---> By.xpath: //label[@for='terms-of-use']
13:37:33.950  INFO  manager.MyListener - The element with locator --->By.xpath: //label[@for='terms-of-use']---> was found
13:37:34.394  INFO  manager.MyListener - Start find element ---> By.cssSelector: [type='submit']
13:37:34.404  INFO  manager.MyListener - The element with locator --->By.cssSelector: [type='submit']---> was found
13:37:34.435  INFO  manager.MyListener - Start find element ---> By.xpath: //div[@class='dialog-container']//h2
13:37:39.544  INFO  manager.MyListener - We have a throwable ---> no such element: Unable to locate element: {"method":"xpath","selector":"//div[@class='dialog-container']//h2"}
  (Session info: chrome=98.0.4758.102)
For documentation on this error, please visit: https://www.seleniumhq.org/exceptions/no_such_element.html
Build info: version: '3.141.59', revision: 'e82be7d358', time: '2018-11-14T08:17:03'
System info: host: 'MacBook-Pro-Andrey.local', ip: '2a00:7c40:c580:248:39a0:cc2d:28fa:92a4%en0', os.name: 'Mac OS X', os.arch: 'x86_64', os.version: '11.1', java.version: '11.0.13'
Driver info: org.openqa.selenium.chrome.ChromeDriver
Capabilities {acceptInsecureCerts: false, browserName: chrome, browserVersion: 98.0.4758.102, chrome: {chromedriverVersion: 98.0.4758.80 (7f0488e8ba0d8..., userDataDir: /var/folders/cp/1yc9vdbx1bl...}, goog:chromeOptions: {debuggerAddress: localhost:55595}, javascriptEnabled: true, networkConnectionEnabled: false, pageLoadStrategy: normal, platform: MAC, platformName: MAC, proxy: Proxy(), setWindowRect: true, strictFileInteractability: false, timeouts: {implicit: 0, pageLoad: 300000, script: 30000}, unhandledPromptBehavior: dismiss and notify, webauthn:extension:credBlob: true, webauthn:extension:largeBlob: true, webauthn:virtualAuthenticators: true}
Session ID: f9c51cf8e315d82cf8429d7a85a5823b
*** Element info: {Using=xpath, value=//div[@class='dialog-container']//h2}
13:37:39.546  INFO  manager.MyListener - org.openqa.selenium.NoSuchElementException: no such element: Unable to locate element: {"method":"xpath","selector":"//div[@class='dialog-container']//h2"}
  (Session info: chrome=98.0.4758.102)
For documentation on this error, please visit: https://www.seleniumhq.org/exceptions/no_such_element.html
Build info: version: '3.141.59', revision: 'e82be7d358', time: '2018-11-14T08:17:03'
System info: host: 'MacBook-Pro-Andrey.local', ip: '2a00:7c40:c580:248:39a0:cc2d:28fa:92a4%en0', os.name: 'Mac OS X', os.arch: 'x86_64', os.version: '11.1', java.version: '11.0.13'
Driver info: org.openqa.selenium.chrome.ChromeDriver
Capabilities {acceptInsecureCerts: false, browserName: chrome, browserVersion: 98.0.4758.102, chrome: {chromedriverVersion: 98.0.4758.80 (7f0488e8ba0d8..., userDataDir: /var/folders/cp/1yc9vdbx1bl...}, goog:chromeOptions: {debuggerAddress: localhost:55595}, javascriptEnabled: true, networkConnectionEnabled: false, pageLoadStrategy: normal, platform: MAC, platformName: MAC, proxy: Proxy(), setWindowRect: true, strictFileInteractability: false, timeouts: {implicit: 0, pageLoad: 300000, script: 30000}, unhandledPromptBehavior: dismiss and notify, webauthn:extension:credBlob: true, webauthn:extension:largeBlob: true, webauthn:virtualAuthenticators: true}
Session ID: f9c51cf8e315d82cf8429d7a85a5823b
*** Element info: {Using=xpath, value=//div[@class='dialog-container']//h2}
13:37:39.550  INFO  manager.MyListener - This is linc of your screen with error --> src/test/screenshots/screen2259.png
13:37:41.091  INFO  manager.MyListener - Start find element ---> By.xpath: //div[@class='dialog-container']//h2
13:37:46.148  INFO  manager.MyListener - We have a throwable ---> no such element: Unable to locate element: {"method":"xpath","selector":"//div[@class='dialog-container']//h2"}
  (Session info: chrome=98.0.4758.102)
For documentation on this error, please visit: https://www.seleniumhq.org/exceptions/no_such_element.html
Build info: version: '3.141.59', revision: 'e82be7d358', time: '2018-11-14T08:17:03'
System info: host: 'MacBook-Pro-Andrey.local', ip: '2a00:7c40:c580:248:39a0:cc2d:28fa:92a4%en0', os.name: 'Mac OS X', os.arch: 'x86_64', os.version: '11.1', java.version: '11.0.13'
Driver info: org.openqa.selenium.chrome.ChromeDriver
Capabilities {acceptInsecureCerts: false, browserName: chrome, browserVersion: 98.0.4758.102, chrome: {chromedriverVersion: 98.0.4758.80 (7f0488e8ba0d8..., userDataDir: /var/folders/cp/1yc9vdbx1bl...}, goog:chromeOptions: {debuggerAddress: localhost:55595}, javascriptEnabled: true, networkConnectionEnabled: false, pageLoadStrategy: normal, platform: MAC, platformName: MAC, proxy: Proxy(), setWindowRect: true, strictFileInteractability: false, timeouts: {implicit: 0, pageLoad: 300000, script: 30000}, unhandledPromptBehavior: dismiss and notify, webauthn:extension:credBlob: true, webauthn:extension:largeBlob: true, webauthn:virtualAuthenticators: true}
Session ID: f9c51cf8e315d82cf8429d7a85a5823b
*** Element info: {Using=xpath, value=//div[@class='dialog-container']//h2}
13:37:46.151  INFO  manager.MyListener - org.openqa.selenium.NoSuchElementException: no such element: Unable to locate element: {"method":"xpath","selector":"//div[@class='dialog-container']//h2"}
  (Session info: chrome=98.0.4758.102)
For documentation on this error, please visit: https://www.seleniumhq.org/exceptions/no_such_element.html
Build info: version: '3.141.59', revision: 'e82be7d358', time: '2018-11-14T08:17:03'
System info: host: 'MacBook-Pro-Andrey.local', ip: '2a00:7c40:c580:248:39a0:cc2d:28fa:92a4%en0', os.name: 'Mac OS X', os.arch: 'x86_64', os.version: '11.1', java.version: '11.0.13'
Driver info: org.openqa.selenium.chrome.ChromeDriver
Capabilities {acceptInsecureCerts: false, browserName: chrome, browserVersion: 98.0.4758.102, chrome: {chromedriverVersion: 98.0.4758.80 (7f0488e8ba0d8..., userDataDir: /var/folders/cp/1yc9vdbx1bl...}, goog:chromeOptions: {debuggerAddress: localhost:55595}, javascriptEnabled: true, networkConnectionEnabled: false, pageLoadStrategy: normal, platform: MAC, platformName: MAC, proxy: Proxy(), setWindowRect: true, strictFileInteractability: false, timeouts: {implicit: 0, pageLoad: 300000, script: 30000}, unhandledPromptBehavior: dismiss and notify, webauthn:extension:credBlob: true, webauthn:extension:largeBlob: true, webauthn:virtualAuthenticators: true}
Session ID: f9c51cf8e315d82cf8429d7a85a5823b
*** Element info: {Using=xpath, value=//div[@class='dialog-container']//h2}
13:37:46.152  INFO  manager.MyListener - This is linc of your screen with error --> src/test/screenshots/screen2266.png
13:37:47.629  INFO  manager.MyListener - Start find element ---> By.xpath: //div[@class='dialog-container']//h2
13:37:52.739  INFO  manager.MyListener - We have a throwable ---> no such element: Unable to locate element: {"method":"xpath","selector":"//div[@class='dialog-container']//h2"}
  (Session info: chrome=98.0.4758.102)
For documentation on this error, please visit: https://www.seleniumhq.org/exceptions/no_such_element.html
Build info: version: '3.141.59', revision: 'e82be7d358', time: '2018-11-14T08:17:03'
System info: host: 'MacBook-Pro-Andrey.local', ip: '2a00:7c40:c580:248:39a0:cc2d:28fa:92a4%en0', os.name: 'Mac OS X', os.arch: 'x86_64', os.version: '11.1', java.version: '11.0.13'
Driver info: org.openqa.selenium.chrome.ChromeDriver
Capabilities {acceptInsecureCerts: false, browserName: chrome, browserVersion: 98.0.4758.102, chrome: {chromedriverVersion: 98.0.4758.80 (7f0488e8ba0d8..., userDataDir: /var/folders/cp/1yc9vdbx1bl...}, goog:chromeOptions: {debuggerAddress: localhost:55595}, javascriptEnabled: true, networkConnectionEnabled: false, pageLoadStrategy: normal, platform: MAC, platformName: MAC, proxy: Proxy(), setWindowRect: true, strictFileInteractability: false, timeouts: {implicit: 0, pageLoad: 300000, script: 30000}, unhandledPromptBehavior: dismiss and notify, webauthn:extension:credBlob: true, webauthn:extension:largeBlob: true, webauthn:virtualAuthenticators: true}
Session ID: f9c51cf8e315d82cf8429d7a85a5823b
*** Element info: {Using=xpath, value=//div[@class='dialog-container']//h2}
13:37:52.741  INFO  manager.MyListener - org.openqa.selenium.NoSuchElementException: no such element: Unable to locate element: {"method":"xpath","selector":"//div[@class='dialog-container']//h2"}
  (Session info: chrome=98.0.4758.102)
For documentation on this error, please visit: https://www.seleniumhq.org/exceptions/no_such_element.html
Build info: version: '3.141.59', revision: 'e82be7d358', time: '2018-11-14T08:17:03'
System info: host: 'MacBook-Pro-Andrey.local', ip: '2a00:7c40:c580:248:39a0:cc2d:28fa:92a4%en0', os.name: 'Mac OS X', os.arch: 'x86_64', os.version: '11.1', java.version: '11.0.13'
Driver info: org.openqa.selenium.chrome.ChromeDriver
Capabilities {acceptInsecureCerts: false, browserName: chrome, browserVersion: 98.0.4758.102, chrome: {chromedriverVersion: 98.0.4758.80 (7f0488e8ba0d8..., userDataDir: /var/folders/cp/1yc9vdbx1bl...}, goog:chromeOptions: {debuggerAddress: localhost:55595}, javascriptEnabled: true, networkConnectionEnabled: false, pageLoadStrategy: normal, platform: MAC, platformName: MAC, proxy: Proxy(), setWindowRect: true, strictFileInteractability: false, timeouts: {implicit: 0, pageLoad: 300000, script: 30000}, unhandledPromptBehavior: dismiss and notify, webauthn:extension:credBlob: true, webauthn:extension:largeBlob: true, webauthn:virtualAuthenticators: true}
Session ID: f9c51cf8e315d82cf8429d7a85a5823b
*** Element info: {Using=xpath, value=//div[@class='dialog-container']//h2}
13:37:52.743  INFO  manager.MyListener - This is linc of your screen with error --> src/test/screenshots/screen2272.png
13:37:53.698  INFO  manager.MyListener - Start find element ---> By.xpath: //div[@class='dialog-container']
13:37:58.783  INFO  manager.MyListener - We have a throwable ---> no such element: Unable to locate element: {"method":"xpath","selector":"//div[@class='dialog-container']"}
  (Session info: chrome=98.0.4758.102)
For documentation on this error, please visit: https://www.seleniumhq.org/exceptions/no_such_element.html
Build info: version: '3.141.59', revision: 'e82be7d358', time: '2018-11-14T08:17:03'
System info: host: 'MacBook-Pro-Andrey.local', ip: '2a00:7c40:c580:248:39a0:cc2d:28fa:92a4%en0', os.name: 'Mac OS X', os.arch: 'x86_64', os.version: '11.1', java.version: '11.0.13'
Driver info: org.openqa.selenium.chrome.ChromeDriver
Capabilities {acceptInsecureCerts: false, browserName: chrome, browserVersion: 98.0.4758.102, chrome: {chromedriverVersion: 98.0.4758.80 (7f0488e8ba0d8..., userDataDir: /var/folders/cp/1yc9vdbx1bl...}, goog:chromeOptions: {debuggerAddress: localhost:55595}, javascriptEnabled: true, networkConnectionEnabled: false, pageLoadStrategy: normal, platform: MAC, platformName: MAC, proxy: Proxy(), setWindowRect: true, strictFileInteractability: false, timeouts: {implicit: 0, pageLoad: 300000, script: 30000}, unhandledPromptBehavior: dismiss and notify, webauthn:extension:credBlob: true, webauthn:extension:largeBlob: true, webauthn:virtualAuthenticators: true}
Session ID: f9c51cf8e315d82cf8429d7a85a5823b
*** Element info: {Using=xpath, value=//div[@class='dialog-container']}
13:37:58.787  INFO  manager.MyListener - org.openqa.selenium.NoSuchElementException: no such element: Unable to locate element: {"method":"xpath","selector":"//div[@class='dialog-container']"}
  (Session info: chrome=98.0.4758.102)
For documentation on this error, please visit: https://www.seleniumhq.org/exceptions/no_such_element.html
Build info: version: '3.141.59', revision: 'e82be7d358', time: '2018-11-14T08:17:03'
System info: host: 'MacBook-Pro-Andrey.local', ip: '2a00:7c40:c580:248:39a0:cc2d:28fa:92a4%en0', os.name: 'Mac OS X', os.arch: 'x86_64', os.version: '11.1', java.version: '11.0.13'
Driver info: org.openqa.selenium.chrome.ChromeDriver
Capabilities {acceptInsecureCerts: false, browserName: chrome, browserVersion: 98.0.4758.102, chrome: {chromedriverVersion: 98.0.4758.80 (7f0488e8ba0d8..., userDataDir: /var/folders/cp/1yc9vdbx1bl...}, goog:chromeOptions: {debuggerAddress: localhost:55595}, javascriptEnabled: true, networkConnectionEnabled: false, pageLoadStrategy: normal, platform: MAC, platformName: MAC, proxy: Proxy(), setWindowRect: true, strictFileInteractability: false, timeouts: {implicit: 0, pageLoad: 300000, script: 30000}, unhandledPromptBehavior: dismiss and notify, webauthn:extension:credBlob: true, webauthn:extension:largeBlob: true, webauthn:virtualAuthenticators: true}
Session ID: f9c51cf8e315d82cf8429d7a85a5823b
*** Element info: {Using=xpath, value=//div[@class='dialog-container']}
13:37:58.789  INFO  manager.MyListener - This is linc of your screen with error --> src/test/screenshots/screen2278.png
13:38:00.277  INFO  manager.MyListener - Start find element ---> By.xpath: //div[@class='dialog-container']
13:38:05.347  INFO  manager.MyListener - We have a throwable ---> no such element: Unable to locate element: {"method":"xpath","selector":"//div[@class='dialog-container']"}
  (Session info: chrome=98.0.4758.102)
For documentation on this error, please visit: https://www.seleniumhq.org/exceptions/no_such_element.html
Build info: version: '3.141.59', revision: 'e82be7d358', time: '2018-11-14T08:17:03'
System info: host: 'MacBook-Pro-Andrey.local', ip: '2a00:7c40:c580:248:39a0:cc2d:28fa:92a4%en0', os.name: 'Mac OS X', os.arch: 'x86_64', os.version: '11.1', java.version: '11.0.13'
Driver info: org.openqa.selenium.chrome.ChromeDriver
Capabilities {acceptInsecureCerts: false, browserName: chrome, browserVersion: 98.0.4758.102, chrome: {chromedriverVersion: 98.0.4758.80 (7f0488e8ba0d8..., userDataDir: /var/folders/cp/1yc9vdbx1bl...}, goog:chromeOptions: {debuggerAddress: localhost:55595}, javascriptEnabled: true, networkConnectionEnabled: false, pageLoadStrategy: normal, platform: MAC, platformName: MAC, proxy: Proxy(), setWindowRect: true, strictFileInteractability: false, timeouts: {implicit: 0, pageLoad: 300000, script: 30000}, unhandledPromptBehavior: dismiss and notify, webauthn:extension:credBlob: true, webauthn:extension:largeBlob: true, webauthn:virtualAuthenticators: true}
Session ID: f9c51cf8e315d82cf8429d7a85a5823b
*** Element info: {Using=xpath, value=//div[@class='dialog-container']}
13:38:05.349  INFO  manager.MyListener - org.openqa.selenium.NoSuchElementException: no such element: Unable to locate element: {"method":"xpath","selector":"//div[@class='dialog-container']"}
  (Session info: chrome=98.0.4758.102)
For documentation on this error, please visit: https://www.seleniumhq.org/exceptions/no_such_element.html
Build info: version: '3.141.59', revision: 'e82be7d358', time: '2018-11-14T08:17:03'
System info: host: 'MacBook-Pro-Andrey.local', ip: '2a00:7c40:c580:248:39a0:cc2d:28fa:92a4%en0', os.name: 'Mac OS X', os.arch: 'x86_64', os.version: '11.1', java.version: '11.0.13'
Driver info: org.openqa.selenium.chrome.ChromeDriver
Capabilities {acceptInsecureCerts: false, browserName: chrome, browserVersion: 98.0.4758.102, chrome: {chromedriverVersion: 98.0.4758.80 (7f0488e8ba0d8..., userDataDir: /var/folders/cp/1yc9vdbx1bl...}, goog:chromeOptions: {debuggerAddress: localhost:55595}, javascriptEnabled: true, networkConnectionEnabled: false, pageLoadStrategy: normal, platform: MAC, platformName: MAC, proxy: Proxy(), setWindowRect: true, strictFileInteractability: false, timeouts: {implicit: 0, pageLoad: 300000, script: 30000}, unhandledPromptBehavior: dismiss and notify, webauthn:extension:credBlob: true, webauthn:extension:largeBlob: true, webauthn:virtualAuthenticators: true}
Session ID: f9c51cf8e315d82cf8429d7a85a5823b
*** Element info: {Using=xpath, value=//div[@class='dialog-container']}
13:38:05.349  INFO  manager.MyListener - This is linc of your screen with error --> src/test/screenshots/screen2285.png
13:38:06.786  INFO  manager.MyListener - Start find element ---> By.xpath: //div[@class='dialog-container']
13:38:11.838  INFO  manager.MyListener - We have a throwable ---> no such element: Unable to locate element: {"method":"xpath","selector":"//div[@class='dialog-container']"}
  (Session info: chrome=98.0.4758.102)
For documentation on this error, please visit: https://www.seleniumhq.org/exceptions/no_such_element.html
Build info: version: '3.141.59', revision: 'e82be7d358', time: '2018-11-14T08:17:03'
System info: host: 'MacBook-Pro-Andrey.local', ip: '2a00:7c40:c580:248:39a0:cc2d:28fa:92a4%en0', os.name: 'Mac OS X', os.arch: 'x86_64', os.version: '11.1', java.version: '11.0.13'
Driver info: org.openqa.selenium.chrome.ChromeDriver
Capabilities {acceptInsecureCerts: false, browserName: chrome, browserVersion: 98.0.4758.102, chrome: {chromedriverVersion: 98.0.4758.80 (7f0488e8ba0d8..., userDataDir: /var/folders/cp/1yc9vdbx1bl...}, goog:chromeOptions: {debuggerAddress: localhost:55595}, javascriptEnabled: true, networkConnectionEnabled: false, pageLoadStrategy: normal, platform: MAC, platformName: MAC, proxy: Proxy(), setWindowRect: true, strictFileInteractability: false, timeouts: {implicit: 0, pageLoad: 300000, script: 30000}, unhandledPromptBehavior: dismiss and notify, webauthn:extension:credBlob: true, webauthn:extension:largeBlob: true, webauthn:virtualAuthenticators: true}
Session ID: f9c51cf8e315d82cf8429d7a85a5823b
*** Element info: {Using=xpath, value=//div[@class='dialog-container']}
13:38:11.848  INFO  manager.MyListener - org.openqa.selenium.NoSuchElementException: no such element: Unable to locate element: {"method":"xpath","selector":"//div[@class='dialog-container']"}
  (Session info: chrome=98.0.4758.102)
For documentation on this error, please visit: https://www.seleniumhq.org/exceptions/no_such_element.html
Build info: version: '3.141.59', revision: 'e82be7d358', time: '2018-11-14T08:17:03'
System info: host: 'MacBook-Pro-Andrey.local', ip: '2a00:7c40:c580:248:39a0:cc2d:28fa:92a4%en0', os.name: 'Mac OS X', os.arch: 'x86_64', os.version: '11.1', java.version: '11.0.13'
Driver info: org.openqa.selenium.chrome.ChromeDriver
Capabilities {acceptInsecureCerts: false, browserName: chrome, browserVersion: 98.0.4758.102, chrome: {chromedriverVersion: 98.0.4758.80 (7f0488e8ba0d8..., userDataDir: /var/folders/cp/1yc9vdbx1bl...}, goog:chromeOptions: {debuggerAddress: localhost:55595}, javascriptEnabled: true, networkConnectionEnabled: false, pageLoadStrategy: normal, platform: MAC, platformName: MAC, proxy: Proxy(), setWindowRect: true, strictFileInteractability: false, timeouts: {implicit: 0, pageLoad: 300000, script: 30000}, unhandledPromptBehavior: dismiss and notify, webauthn:extension:credBlob: true, webauthn:extension:largeBlob: true, webauthn:virtualAuthenticators: true}
Session ID: f9c51cf8e315d82cf8429d7a85a5823b
*** Element info: {Using=xpath, value=//div[@class='dialog-container']}
13:38:11.866  INFO  manager.MyListener - This is linc of your screen with error --> src/test/screenshots/screen2291.png
