15:18:26.068  INFO  manager.ApplicationManager - All tests starts in 'Chrome' browser
15:18:29.497  INFO  tests.TestsBase - Name of test --->registrationSuccess
15:18:29.504  INFO  manager.MyListener - Start find element ---> By.xpath: //*[text()=' Logout ']
15:18:34.543  INFO  manager.MyListener - The element with locator --->By.xpath: //*[text()=' Logout ']---> was found
15:18:34.549  INFO  manager.MyListener - Start find element ---> By.xpath: //a[text()=' Sign up ']
15:18:34.573  INFO  manager.MyListener - The element with locator --->By.xpath: //a[text()=' Sign up ']---> was found
15:18:35.012  INFO  manager.MyListener - Start find element ---> By.tagName: form
15:18:35.188  INFO  manager.MyListener - The element with locator --->By.tagName: form---> was found
15:18:35.284  INFO  manager.MyListener - Start find element ---> By.id: name
15:18:35.302  INFO  manager.MyListener - The element with locator --->By.id: name---> was found
15:18:35.758  INFO  manager.MyListener - Start find element ---> By.cssSelector: #lastName
15:18:35.768  INFO  manager.MyListener - The element with locator --->By.cssSelector: #lastName---> was found
15:18:35.862  INFO  manager.MyListener - Start find element ---> By.id: email
15:18:35.873  INFO  manager.MyListener - The element with locator --->By.id: email---> was found
15:18:35.973  INFO  manager.MyListener - Start find element ---> By.cssSelector: #password
15:18:35.982  INFO  manager.MyListener - The element with locator --->By.cssSelector: #password---> was found
15:18:36.288  INFO  manager.MyListener - Start find element ---> By.id: terms-of-use
15:18:36.300  INFO  manager.MyListener - The element with locator --->By.id: terms-of-use---> was found
15:18:36.309  INFO  manager.MyListener - Start find element ---> By.xpath: //label[@for='terms-of-use']
15:18:36.350  INFO  manager.MyListener - The element with locator --->By.xpath: //label[@for='terms-of-use']---> was found
15:18:36.535  INFO  manager.MyListener - Start find element ---> By.cssSelector: [type='submit']
15:18:36.545  INFO  manager.MyListener - The element with locator --->By.cssSelector: [type='submit']---> was found
15:18:36.938  INFO  manager.MyListener - Start find element ---> By.xpath: //div[@class='dialog-container']//h2
15:18:37.375  INFO  manager.MyListener - The element with locator --->By.xpath: //div[@class='dialog-container']//h2---> was found
15:18:37.437  INFO  manager.MyListener - Start find element ---> By.xpath: //div[@class='dialog-container']
15:18:37.458  INFO  manager.MyListener - The element with locator --->By.xpath: //div[@class='dialog-container']---> was found
15:18:37.458  INFO  manager.MyListener - Start find element ---> By.xpath: //*[text()='Ok']
15:18:37.478  INFO  manager.MyListener - The element with locator --->By.xpath: //*[text()='Ok']---> was found
15:18:37.657  INFO  tests.TestsBase - Name of test --->registrationSuccessModel
15:18:37.658  INFO  manager.MyListener - Start find element ---> By.xpath: //*[text()=' Logout ']
15:18:37.670  INFO  manager.MyListener - The element with locator --->By.xpath: //*[text()=' Logout ']---> was found
15:18:37.671  INFO  manager.MyListener - Start find element ---> By.xpath: //*[text()=' Logout ']
15:18:37.687  INFO  manager.MyListener - The element with locator --->By.xpath: //*[text()=' Logout ']---> was found
15:18:37.780  INFO  manager.MyListener - Start find element ---> By.xpath: //a[text()=' Sign up ']
15:18:37.789  INFO  manager.MyListener - The element with locator --->By.xpath: //a[text()=' Sign up ']---> was found
15:18:37.845  INFO  manager.MyListener - Start find element ---> By.tagName: form
15:18:37.852  INFO  manager.MyListener - The element with locator --->By.tagName: form---> was found
15:18:37.909  INFO  manager.MyListener - Start find element ---> By.id: name
15:18:37.927  INFO  manager.MyListener - The element with locator --->By.id: name---> was found
15:18:38.022  INFO  manager.MyListener - Start find element ---> By.cssSelector: #lastName
15:18:38.029  INFO  manager.MyListener - The element with locator --->By.cssSelector: #lastName---> was found
15:18:38.097  INFO  manager.MyListener - Start find element ---> By.id: email
15:18:38.104  INFO  manager.MyListener - The element with locator --->By.id: email---> was found
15:18:38.228  INFO  manager.MyListener - Start find element ---> By.cssSelector: #password
15:18:38.239  INFO  manager.MyListener - The element with locator --->By.cssSelector: #password---> was found
15:18:38.313  INFO  manager.MyListener - Start find element ---> By.id: terms-of-use
15:18:38.334  INFO  manager.MyListener - The element with locator --->By.id: terms-of-use---> was found
15:18:38.342  INFO  manager.MyListener - Start find element ---> By.xpath: //label[@for='terms-of-use']
15:18:38.439  INFO  manager.MyListener - The element with locator --->By.xpath: //label[@for='terms-of-use']---> was found
15:18:38.874  INFO  manager.MyListener - Start find element ---> By.cssSelector: [type='submit']
15:18:38.902  INFO  manager.MyListener - The element with locator --->By.cssSelector: [type='submit']---> was found
15:18:38.970  INFO  manager.MyListener - Start find element ---> By.xpath: //div[@class='dialog-container']
15:18:39.368  INFO  manager.MyListener - The element with locator --->By.xpath: //div[@class='dialog-container']---> was found
15:18:39.368  INFO  manager.MyListener - Start find element ---> By.xpath: //*[text()='Ok']
15:18:39.377  INFO  manager.MyListener - The element with locator --->By.xpath: //*[text()='Ok']---> was found
15:18:39.439  INFO  tests.TestsBase - Name of test --->addNewCarSuccess
15:18:39.440  INFO  manager.MyListener - Start find element ---> By.xpath: //*[text()=' Logout ']
15:18:39.448  INFO  manager.MyListener - The element with locator --->By.xpath: //*[text()=' Logout ']---> was found
15:18:39.522  INFO  tests.TestsBase - Car was eddedCar(addres=Tell-Aviv, Israel, make=BMW, model=M5, year=2020, engine=3.0, fuel=Petrol, gear=MT, wD=AWD, doors=5, seats=4, clasS=E, fuelConsumption=10.0, carRegNumber=178-1119, price=70, distanceIncluded=700, features=type of, about=No Smoking)
15:18:39.522  INFO  manager.MyListener - Start find element ---> By.cssSelector: [href='/let-car-work']
15:18:39.541  INFO  manager.MyListener - The element with locator --->By.cssSelector: [href='/let-car-work']---> was found
15:18:39.884  INFO  manager.MyListener - Start find element ---> By.id: pickUpPlace
15:18:39.908  INFO  manager.MyListener - The element with locator --->By.id: pickUpPlace---> was found
15:18:40.063  INFO  manager.MyListener - Start find element ---> By.cssSelector: .pac-item
15:18:40.593  INFO  manager.MyListener - The element with locator --->By.cssSelector: .pac-item---> was found
15:18:41.170  INFO  manager.MyListener - Start find element ---> By.id: make
15:18:41.199  INFO  manager.MyListener - The element with locator --->By.id: make---> was found
15:18:41.311  INFO  manager.MyListener - Start find element ---> By.id: model
15:18:41.320  INFO  manager.MyListener - The element with locator --->By.id: model---> was found
15:18:41.385  INFO  manager.MyListener - Start find element ---> By.id: year
15:18:41.402  INFO  manager.MyListener - The element with locator --->By.id: year---> was found
15:18:41.513  INFO  manager.MyListener - Start find element ---> By.id: engine
15:18:41.522  INFO  manager.MyListener - The element with locator --->By.id: engine---> was found
15:18:41.603  INFO  manager.MyListener - Start find element ---> By.id: doors
15:18:41.613  INFO  manager.MyListener - The element with locator --->By.id: doors---> was found
15:18:41.736  INFO  manager.MyListener - Start find element ---> By.id: seats
15:18:41.747  INFO  manager.MyListener - The element with locator --->By.id: seats---> was found
15:18:41.820  INFO  manager.MyListener - Start find element ---> By.id: class
15:18:41.832  INFO  manager.MyListener - The element with locator --->By.id: class---> was found
15:18:41.983  INFO  manager.MyListener - Start find element ---> By.id: fuelConsumption
15:18:41.993  INFO  manager.MyListener - The element with locator --->By.id: fuelConsumption---> was found
15:18:42.078  INFO  manager.MyListener - Start find element ---> By.id: serialNumber
15:18:42.089  INFO  manager.MyListener - The element with locator --->By.id: serialNumber---> was found
15:18:42.245  INFO  manager.MyListener - Start find element ---> By.id: price
15:18:42.265  INFO  manager.MyListener - The element with locator --->By.id: price---> was found
15:18:42.405  INFO  manager.MyListener - Start find element ---> By.id: distance
15:18:42.414  INFO  manager.MyListener - The element with locator --->By.id: distance---> was found
15:18:42.492  INFO  manager.MyListener - Start find element ---> By.cssSelector: .feature-input
15:18:42.504  INFO  manager.MyListener - The element with locator --->By.cssSelector: .feature-input---> was found
15:18:42.582  INFO  manager.MyListener - Start find element ---> By.id: about
15:18:42.593  INFO  manager.MyListener - The element with locator --->By.id: about---> was found
15:18:42.685  INFO  manager.MyListener - Start find element ---> By.id: fuel
15:18:42.698  INFO  manager.MyListener - The element with locator --->By.id: fuel---> was found
15:18:42.718  INFO  manager.MyListener - Start find element ---> By.xpath: .//option[@value = "Petrol"]
15:18:42.732  INFO  manager.MyListener - The element with locator --->By.xpath: .//option[@value = "Petrol"]---> was found
15:18:42.775  INFO  manager.MyListener - Start find element ---> By.id: gear
15:18:42.783  INFO  manager.MyListener - The element with locator --->By.id: gear---> was found
15:18:42.795  INFO  manager.MyListener - Start find element ---> By.xpath: .//option[@value = "MT"]
15:18:42.803  INFO  manager.MyListener - The element with locator --->By.xpath: .//option[@value = "MT"]---> was found
15:18:42.827  INFO  manager.MyListener - Start find element ---> By.id: wheelsDrive
15:18:42.836  INFO  manager.MyListener - The element with locator --->By.id: wheelsDrive---> was found
15:18:42.847  INFO  manager.MyListener - Start find element ---> By.xpath: .//option[@value = "AWD"]
15:18:42.856  INFO  manager.MyListener - The element with locator --->By.xpath: .//option[@value = "AWD"]---> was found
15:18:42.883  INFO  manager.MyListener - Start find element ---> By.id: doors
15:18:42.892  INFO  manager.MyListener - The element with locator --->By.id: doors---> was found
15:18:42.993  INFO  manager.MyListener - Start find element ---> By.id: photos
15:18:43.002  INFO  manager.MyListener - The element with locator --->By.id: photos---> was found
15:18:43.174  INFO  manager.MyListener - Start find element ---> By.xpath: //button[text()='Submit']
15:18:43.193  INFO  manager.MyListener - The element with locator --->By.xpath: //button[text()='Submit']---> was found
15:18:45.379  INFO  manager.MyListener - Start find element ---> By.xpath: //button[text()='Submit']
15:18:45.388  INFO  manager.MyListener - The element with locator --->By.xpath: //button[text()='Submit']---> was found
15:18:45.490  INFO  manager.MyListener - Start find element ---> By.cssSelector: div.dialog-container
15:18:46.772  INFO  manager.MyListener - The element with locator --->By.cssSelector: div.dialog-container---> was found
15:18:46.786  INFO  manager.MyListener - Start find element ---> By.cssSelector: div.dialog-container h1
15:18:46.794  INFO  manager.MyListener - The element with locator --->By.cssSelector: div.dialog-container h1---> was found
15:18:46.806  INFO  manager.MyListener - Start find element ---> By.xpath: //button[text()='Search cars']
15:18:46.816  INFO  manager.MyListener - The element with locator --->By.xpath: //button[text()='Search cars']---> was found
15:18:46.852  INFO  manager.MyListener - Start find element ---> By.xpath: //*[text()=' Logout ']
15:18:46.864  INFO  manager.MyListener - The element with locator --->By.xpath: //*[text()=' Logout ']---> was found
15:18:47.029  INFO  tests.TestsBase - Name of test --->addNewCarSuccess2
15:18:47.030  INFO  manager.MyListener - Start find element ---> By.xpath: //*[text()=' Logout ']
15:18:52.081  INFO  manager.MyListener - The element with locator --->By.xpath: //*[text()=' Logout ']---> was found
15:18:52.087  INFO  manager.MyListener - Start find element ---> By.xpath: //a[text()=' Log in ']
15:18:52.107  INFO  manager.MyListener - The element with locator --->By.xpath: //a[text()=' Log in ']---> was found
15:18:52.171  INFO  manager.MyListener - Start find element ---> By.id: email
15:18:52.179  INFO  manager.MyListener - The element with locator --->By.id: email---> was found
15:18:52.267  INFO  manager.MyListener - Start find element ---> By.id: password
15:18:52.292  INFO  manager.MyListener - The element with locator --->By.id: password---> was found
15:18:52.364  INFO  manager.MyListener - Start find element ---> By.cssSelector: [type='submit']
15:18:52.371  INFO  manager.MyListener - The element with locator --->By.cssSelector: [type='submit']---> was found
15:18:52.398  INFO  manager.MyListener - Start find element ---> By.xpath: //div[@class='dialog-container']
15:18:53.623  INFO  manager.MyListener - The element with locator --->By.xpath: //div[@class='dialog-container']---> was found
15:18:53.626  INFO  manager.MyListener - Start find element ---> By.xpath: //*[text()='Ok']
15:18:53.662  INFO  manager.MyListener - The element with locator --->By.xpath: //*[text()='Ok']---> was found
15:18:54.776  INFO  tests.TestsBase -  Car was edded for userUser{name='null', lastName='null', email='noa@gmail.com', password='Nnoa12345$'}
15:18:54.778  INFO  manager.MyListener - Start find element ---> By.cssSelector: [href='/let-car-work']
15:18:54.786  INFO  manager.MyListener - The element with locator --->By.cssSelector: [href='/let-car-work']---> was found
15:18:54.839  INFO  manager.MyListener - Start find element ---> By.id: pickUpPlace
15:18:54.850  INFO  manager.MyListener - The element with locator --->By.id: pickUpPlace---> was found
15:18:54.979  INFO  manager.MyListener - Start find element ---> By.cssSelector: .pac-item
15:18:55.222  INFO  manager.MyListener - The element with locator --->By.cssSelector: .pac-item---> was found
15:18:55.780  INFO  manager.MyListener - Start find element ---> By.id: make
15:18:55.796  INFO  manager.MyListener - The element with locator --->By.id: make---> was found
15:18:55.911  INFO  manager.MyListener - Start find element ---> By.id: model
15:18:55.918  INFO  manager.MyListener - The element with locator --->By.id: model---> was found
15:18:55.981  INFO  manager.MyListener - Start find element ---> By.id: year
15:18:55.989  INFO  manager.MyListener - The element with locator --->By.id: year---> was found
15:18:56.068  INFO  manager.MyListener - Start find element ---> By.id: engine
15:18:56.076  INFO  manager.MyListener - The element with locator --->By.id: engine---> was found
15:18:56.152  INFO  manager.MyListener - Start find element ---> By.id: doors
15:18:56.158  INFO  manager.MyListener - The element with locator --->By.id: doors---> was found
15:18:56.235  INFO  manager.MyListener - Start find element ---> By.id: seats
15:18:56.243  INFO  manager.MyListener - The element with locator --->By.id: seats---> was found
15:18:56.365  INFO  manager.MyListener - Start find element ---> By.id: class
15:18:56.372  INFO  manager.MyListener - The element with locator --->By.id: class---> was found
15:18:56.454  INFO  manager.MyListener - Start find element ---> By.id: fuelConsumption
15:18:56.461  INFO  manager.MyListener - The element with locator --->By.id: fuelConsumption---> was found
15:18:56.538  INFO  manager.MyListener - Start find element ---> By.id: serialNumber
15:18:56.544  INFO  manager.MyListener - The element with locator --->By.id: serialNumber---> was found
15:18:56.665  INFO  manager.MyListener - Start find element ---> By.id: price
15:18:56.671  INFO  manager.MyListener - The element with locator --->By.id: price---> was found
15:18:56.756  INFO  manager.MyListener - Start find element ---> By.id: distance
15:18:56.762  INFO  manager.MyListener - The element with locator --->By.id: distance---> was found
15:18:56.844  INFO  manager.MyListener - Start find element ---> By.cssSelector: .feature-input
15:18:56.850  INFO  manager.MyListener - The element with locator --->By.cssSelector: .feature-input---> was found
15:18:56.924  INFO  manager.MyListener - Start find element ---> By.id: about
15:18:56.930  INFO  manager.MyListener - The element with locator --->By.id: about---> was found
15:18:57.027  INFO  manager.MyListener - Start find element ---> By.id: fuel
15:18:57.035  INFO  manager.MyListener - The element with locator --->By.id: fuel---> was found
15:18:57.045  INFO  manager.MyListener - Start find element ---> By.xpath: .//option[@value = "Petrol"]
15:18:57.058  INFO  manager.MyListener - The element with locator --->By.xpath: .//option[@value = "Petrol"]---> was found
15:18:57.101  INFO  manager.MyListener - Start find element ---> By.id: gear
15:18:57.126  INFO  manager.MyListener - The element with locator --->By.id: gear---> was found
15:18:57.143  INFO  manager.MyListener - Start find element ---> By.xpath: .//option[@value = "MT"]
15:18:57.152  INFO  manager.MyListener - The element with locator --->By.xpath: .//option[@value = "MT"]---> was found
15:18:57.178  INFO  manager.MyListener - Start find element ---> By.id: wheelsDrive
15:18:57.183  INFO  manager.MyListener - The element with locator --->By.id: wheelsDrive---> was found
15:18:57.193  INFO  manager.MyListener - Start find element ---> By.xpath: .//option[@value = "AWD"]
15:18:57.203  INFO  manager.MyListener - The element with locator --->By.xpath: .//option[@value = "AWD"]---> was found
15:18:57.228  INFO  manager.MyListener - Start find element ---> By.id: doors
15:18:57.234  INFO  manager.MyListener - The element with locator --->By.id: doors---> was found
15:18:57.334  INFO  manager.MyListener - Start find element ---> By.id: photos
15:18:57.346  INFO  manager.MyListener - The element with locator --->By.id: photos---> was found
15:18:57.381  INFO  manager.MyListener - Start find element ---> By.xpath: //button[text()='Submit']
15:18:57.387  INFO  manager.MyListener - The element with locator --->By.xpath: //button[text()='Submit']---> was found
15:18:59.586  INFO  manager.MyListener - Start find element ---> By.xpath: //button[text()='Submit']
15:18:59.596  INFO  manager.MyListener - The element with locator --->By.xpath: //button[text()='Submit']---> was found
15:18:59.655  INFO  manager.MyListener - Start find element ---> By.cssSelector: div.dialog-container
15:19:01.275  INFO  manager.MyListener - The element with locator --->By.cssSelector: div.dialog-container---> was found
15:19:01.290  INFO  manager.MyListener - Start find element ---> By.cssSelector: div.dialog-container h1
15:19:01.296  INFO  manager.MyListener - The element with locator --->By.cssSelector: div.dialog-container h1---> was found
15:19:01.312  INFO  manager.MyListener - Start find element ---> By.xpath: //button[text()='Search cars']
15:19:01.322  INFO  manager.MyListener - The element with locator --->By.xpath: //button[text()='Search cars']---> was found
15:19:01.349  INFO  manager.MyListener - Start find element ---> By.xpath: //*[text()=' Logout ']
15:19:01.356  INFO  manager.MyListener - The element with locator --->By.xpath: //*[text()=' Logout ']---> was found
